2025-04-26 14:21:00,113:INFO:Alien spawned at speed 2
2025-04-26 14:21:02,017:INFO:Alien spawned at speed 2
2025-04-26 14:21:03,923:INFO:Alien spawned at speed 2
2025-04-26 14:21:05,828:INFO:Alien spawned at speed 2
2025-04-26 14:21:07,319:INFO:PowerUp spawned
2025-04-26 14:21:07,743:INFO:Alien spawned at speed 2
2025-04-26 14:21:09,659:INFO:Alien spawned at speed 2
2025-04-26 14:21:11,573:INFO:Alien spawned at speed 2
2025-04-26 14:21:13,475:INFO:Alien spawned at speed 2
2025-04-26 14:21:15,379:INFO:Alien spawned at speed 2
2025-04-26 14:21:17,287:INFO:Alien spawned at speed 2
2025-04-26 14:21:17,318:INFO:PowerUp spawned
2025-04-26 14:21:19,190:INFO:Alien spawned at speed 2
2025-04-26 14:21:21,100:INFO:Alien spawned at speed 2
2025-04-26 14:21:23,000:INFO:Alien spawned at speed 2
2025-04-26 14:21:24,913:INFO:Alien spawned at speed 2
2025-04-26 14:21:26,814:INFO:Alien spawned at speed 2
2025-04-26 14:21:27,331:INFO:PowerUp spawned
2025-04-26 14:21:28,717:INFO:Alien spawned at speed 2
2025-04-26 14:21:30,618:INFO:Alien spawned at speed 2
2025-04-26 14:21:32,524:INFO:Alien spawned at speed 2
2025-04-26 14:21:34,427:INFO:Alien spawned at speed 2
2025-04-26 14:21:36,341:INFO:Alien spawned at speed 2
2025-04-26 14:21:37,341:INFO:PowerUp spawned
2025-04-26 14:21:38,255:INFO:Alien spawned at speed 2
2025-04-26 14:21:40,165:INFO:Alien spawned at speed 2
2025-04-26 14:21:42,081:INFO:Alien spawned at speed 2
2025-04-26 14:21:43,997:INFO:Alien spawned at speed 2
2025-04-26 14:21:45,900:INFO:Alien spawned at speed 2
2025-04-26 14:21:47,352:INFO:PowerUp spawned
2025-04-26 14:21:47,803:INFO:Alien spawned at speed 2
2025-04-26 14:21:49,712:INFO:Alien spawned at speed 2
2025-04-26 14:21:51,621:INFO:Alien spawned at speed 2
2025-04-26 14:21:53,529:INFO:Alien spawned at speed 2
2025-04-26 14:21:55,443:INFO:Alien spawned at speed 2
2025-04-26 14:21:57,346:INFO:Alien spawned at speed 2
2025-04-26 14:21:57,361:INFO:PowerUp spawned
2025-04-26 14:21:59,262:INFO:Alien spawned at speed 2
2025-04-26 14:22:01,164:INFO:Alien spawned at speed 2
2025-04-26 14:22:03,077:INFO:Alien spawned at speed 2
2025-04-26 14:22:04,979:INFO:Alien spawned at speed 2
2025-04-26 14:22:06,890:INFO:Alien spawned at speed 2
2025-04-26 14:22:07,369:INFO:PowerUp spawned
2025-04-26 14:22:08,790:INFO:Alien spawned at speed 2
2025-04-26 14:22:10,692:INFO:Alien spawned at speed 2
2025-04-26 14:22:12,600:INFO:Alien spawned at speed 2
2025-04-26 14:22:14,509:INFO:Alien spawned at speed 2
2025-04-26 14:22:16,412:INFO:Alien spawned at speed 2
2025-04-26 14:22:17,381:INFO:PowerUp spawned
2025-04-26 14:22:18,313:INFO:Alien spawned at speed 2
2025-04-26 14:22:20,227:INFO:Alien spawned at speed 2
2025-04-26 14:22:22,137:INFO:Alien spawned at speed 2
2025-04-26 14:22:22,650:INFO:Progress saved: high_score=0, max_level=1
2025-04-26 14:26:00,701:INFO:Alien spawned at speed 2
2025-04-26 14:26:02,606:INFO:Alien spawned at speed 2
2025-04-26 14:26:04,001:INFO:Alien destroyed
2025-04-26 14:26:04,519:INFO:Alien spawned at speed 2
2025-04-26 14:26:05,861:INFO:Alien destroyed
2025-04-26 14:26:06,421:INFO:Alien spawned at speed 2
2025-04-26 14:26:07,280:INFO:Alien destroyed
2025-04-26 14:26:08,327:INFO:Alien spawned at speed 2
2025-04-26 14:26:08,797:INFO:PowerUp spawned
2025-04-26 14:26:09,205:INFO:Alien destroyed
2025-04-26 14:26:10,242:INFO:Alien spawned at speed 2
2025-04-26 14:26:11,040:INFO:Alien destroyed
2025-04-26 14:26:11,040:INFO:Level up to 2
2025-04-26 14:26:11,563:INFO:PowerUp applied: extra_bullet
2025-04-26 14:26:12,055:INFO:Alien spawned at speed 2.2
2025-04-26 14:26:13,866:INFO:Alien spawned at speed 2.2
2025-04-26 14:26:14,067:INFO:Alien destroyed
2025-04-26 14:26:14,067:INFO:Alien destroyed
2025-04-26 14:26:14,067:INFO:Alien destroyed
2025-04-26 14:26:15,671:INFO:Alien spawned at speed 2.2
2025-04-26 14:26:16,274:INFO:Alien destroyed
2025-04-26 14:26:16,274:INFO:Alien destroyed
2025-04-26 14:26:16,274:INFO:Alien destroyed
2025-04-26 14:26:16,274:INFO:Level up to 3
2025-04-26 14:26:17,376:INFO:Alien spawned at speed 2.4000000000000004
2025-04-26 14:26:17,962:INFO:Alien destroyed
2025-04-26 14:26:17,963:INFO:Alien destroyed
2025-04-26 14:26:17,963:INFO:Alien destroyed
2025-04-26 14:26:18,802:INFO:PowerUp spawned
2025-04-26 14:26:19,085:INFO:Alien spawned at speed 2.4000000000000004
2025-04-26 14:26:19,406:INFO:Alien destroyed
2025-04-26 14:26:19,406:INFO:Alien destroyed
2025-04-26 14:26:19,406:INFO:Level up to 4
2025-04-26 14:26:20,689:INFO:Alien spawned at speed 2.6000000000000005
2025-04-26 14:26:21,560:INFO:PowerUp applied: shield
2025-04-26 14:26:22,297:INFO:Alien spawned at speed 2.6000000000000005
2025-04-26 14:26:22,656:INFO:Alien destroyed
2025-04-26 14:26:22,656:INFO:Alien destroyed
2025-04-26 14:26:23,906:INFO:Alien spawned at speed 2.6000000000000005
2025-04-26 14:26:25,517:INFO:Alien spawned at speed 2.6000000000000005
2025-04-26 14:26:26,021:INFO:Alien destroyed
2025-04-26 14:26:26,021:INFO:Alien destroyed
2025-04-26 14:26:26,021:INFO:Alien destroyed
2025-04-26 14:26:26,021:INFO:Level up to 5
2025-04-26 14:26:27,030:INFO:Boss spawned at level 5
2025-04-26 14:26:27,460:INFO:Alien destroyed
2025-04-26 14:26:27,460:INFO:Alien destroyed
2025-04-26 14:26:27,460:INFO:Alien destroyed
2025-04-26 14:26:28,537:INFO:Alien spawned at speed 2.8000000000000007
2025-04-26 14:26:28,812:INFO:PowerUp spawned
2025-04-26 14:26:29,693:INFO:Alien destroyed
2025-04-26 14:26:29,693:INFO:Alien destroyed
2025-04-26 14:26:29,693:INFO:Level up to 6
2025-04-26 14:26:29,938:INFO:Alien spawned at speed 3.000000000000001
2025-04-26 14:26:31,351:INFO:Alien spawned at speed 3.000000000000001
2025-04-26 14:26:32,753:INFO:Alien spawned at speed 3.000000000000001
2025-04-26 14:26:34,157:INFO:Alien spawned at speed 3.000000000000001
2025-04-26 14:26:35,561:INFO:Alien spawned at speed 3.000000000000001
2025-04-26 14:26:35,742:INFO:Boss destroyed
2025-04-26 14:26:35,742:INFO:Boss destroyed
2025-04-26 14:26:35,742:INFO:Level up to 7
2025-04-26 14:26:35,757:INFO:Level up to 8
2025-04-26 14:26:36,318:INFO:Alien destroyed
2025-04-26 14:26:36,318:INFO:Alien destroyed
2025-04-26 14:26:36,319:INFO:Alien destroyed
2025-04-26 14:26:36,773:INFO:Alien spawned at speed 3.4000000000000012
2025-04-26 14:26:37,981:INFO:Alien spawned at speed 3.4000000000000012
2025-04-26 14:26:38,817:INFO:PowerUp spawned
2025-04-26 14:26:38,946:INFO:Alien destroyed
2025-04-26 14:26:38,946:INFO:Alien destroyed
2025-04-26 14:26:38,946:INFO:Alien destroyed
2025-04-26 14:26:38,946:INFO:Level up to 9
2025-04-26 14:26:39,093:INFO:Alien spawned at speed 3.6000000000000014
2025-04-26 14:26:40,205:INFO:Alien spawned at speed 3.6000000000000014
2025-04-26 14:26:40,352:INFO:Alien destroyed
2025-04-26 14:26:40,352:INFO:Alien destroyed
2025-04-26 14:26:41,309:INFO:Alien spawned at speed 3.6000000000000014
2025-04-26 14:26:41,571:INFO:PowerUp applied: extra_bullet
2025-04-26 14:26:42,420:INFO:Alien spawned at speed 3.6000000000000014
2025-04-26 14:26:43,521:INFO:Alien spawned at speed 3.6000000000000014
2025-04-26 14:26:44,630:INFO:Alien spawned at speed 3.6000000000000014
2025-04-26 14:26:45,098:INFO:Alien destroyed
2025-04-26 14:26:45,098:INFO:Alien destroyed
2025-04-26 14:26:45,098:INFO:Alien destroyed
2025-04-26 14:26:45,098:INFO:Level up to 10
2025-04-26 14:26:45,639:INFO:Boss spawned at level 10
2025-04-26 14:26:46,640:INFO:Alien spawned at speed 3.8000000000000016
2025-04-26 14:26:47,654:INFO:Alien spawned at speed 3.8000000000000016
2025-04-26 14:26:48,664:INFO:Alien spawned at speed 3.8000000000000016
2025-04-26 14:26:48,825:INFO:PowerUp spawned
2025-04-26 14:26:49,665:INFO:Alien spawned at speed 3.8000000000000016
2025-04-26 14:26:50,675:INFO:Alien spawned at speed 3.8000000000000016
2025-04-26 14:26:51,678:INFO:Boss spawned at level 10
2025-04-26 14:26:52,684:INFO:Alien spawned at speed 3.8000000000000016
2025-04-26 14:26:53,697:INFO:Alien spawned at speed 3.8000000000000016
2025-04-26 14:26:54,705:INFO:Alien spawned at speed 3.8000000000000016
2025-04-26 14:26:55,714:INFO:Alien spawned at speed 3.8000000000000016
2025-04-26 14:26:56,723:INFO:Alien spawned at speed 3.8000000000000016
2025-04-26 14:26:57,730:INFO:Boss spawned at level 10
2025-04-26 14:26:58,738:INFO:Alien spawned at speed 3.8000000000000016
2025-04-26 14:26:58,836:INFO:PowerUp spawned
2025-04-26 14:26:59,746:INFO:Alien spawned at speed 3.8000000000000016
2025-04-26 14:27:00,762:INFO:Alien spawned at speed 3.8000000000000016
2025-04-26 14:27:01,776:INFO:Alien spawned at speed 3.8000000000000016
2025-04-26 14:27:02,778:INFO:Alien spawned at speed 3.8000000000000016
2025-04-26 14:27:03,789:INFO:Boss spawned at level 10
2025-04-26 14:27:04,803:INFO:Alien spawned at speed 3.8000000000000016
2025-04-26 14:27:05,809:INFO:Alien spawned at speed 3.8000000000000016
2025-04-26 14:27:06,820:INFO:Alien spawned at speed 3.8000000000000016
2025-04-26 14:27:07,833:INFO:Alien spawned at speed 3.8000000000000016
2025-04-26 14:27:08,839:INFO:Alien spawned at speed 3.8000000000000016
2025-04-26 14:27:08,839:INFO:PowerUp spawned
2025-04-26 14:27:09,845:INFO:Boss spawned at level 10
2025-04-26 14:27:10,859:INFO:Alien spawned at speed 3.8000000000000016
2025-04-26 14:27:11,869:INFO:Alien spawned at speed 3.8000000000000016
2025-04-26 14:27:12,872:INFO:Alien spawned at speed 3.8000000000000016
2025-04-26 14:27:13,878:INFO:Alien spawned at speed 3.8000000000000016
2025-04-26 14:27:14,887:INFO:Alien spawned at speed 3.8000000000000016
2025-04-26 14:27:15,898:INFO:Boss spawned at level 10
2025-04-26 14:27:16,910:INFO:Alien spawned at speed 3.8000000000000016
2025-04-26 14:27:17,922:INFO:Alien spawned at speed 3.8000000000000016
2025-04-26 14:27:18,852:INFO:PowerUp spawned
2025-04-26 14:27:18,933:INFO:Alien spawned at speed 3.8000000000000016
2025-04-26 14:27:19,940:INFO:Alien spawned at speed 3.8000000000000016
2025-04-26 14:27:20,949:INFO:Alien spawned at speed 3.8000000000000016
2025-04-26 14:27:21,958:INFO:Boss spawned at level 10
2025-04-26 14:27:22,966:INFO:Alien spawned at speed 3.8000000000000016
2025-04-26 14:27:23,969:INFO:Alien spawned at speed 3.8000000000000016
2025-04-26 14:27:24,970:INFO:Alien spawned at speed 3.8000000000000016
2025-04-26 14:27:25,977:INFO:Alien spawned at speed 3.8000000000000016
2025-04-26 14:27:26,983:INFO:Alien spawned at speed 3.8000000000000016
2025-04-26 14:27:27,996:INFO:Boss spawned at level 10
2025-04-26 14:27:28,857:INFO:PowerUp spawned
2025-04-26 14:27:29,006:INFO:Alien spawned at speed 3.8000000000000016
2025-04-26 14:27:30,015:INFO:Alien spawned at speed 3.8000000000000016
2025-04-26 14:27:31,028:INFO:Alien spawned at speed 3.8000000000000016
2025-04-26 14:27:31,616:INFO:PowerUp applied: extra_bullet
2025-04-26 14:27:32,043:INFO:Alien spawned at speed 3.8000000000000016
2025-04-26 14:27:33,047:INFO:Alien spawned at speed 3.8000000000000016
2025-04-26 14:27:34,062:INFO:Boss spawned at level 10
2025-04-26 14:27:35,072:INFO:Alien spawned at speed 3.8000000000000016
2025-04-26 14:27:36,076:INFO:Alien spawned at speed 3.8000000000000016
2025-04-26 14:27:37,085:INFO:Alien spawned at speed 3.8000000000000016
2025-04-26 14:27:38,101:INFO:Alien spawned at speed 3.8000000000000016
2025-04-26 14:27:38,857:INFO:PowerUp spawned
2025-04-26 14:27:39,101:INFO:Alien spawned at speed 3.8000000000000016
2025-04-26 14:27:40,114:INFO:Boss spawned at level 10
2025-04-26 14:27:41,125:INFO:Alien spawned at speed 3.8000000000000016
2025-04-26 14:27:42,129:INFO:Alien spawned at speed 3.8000000000000016
2025-04-26 14:27:43,136:INFO:Alien spawned at speed 3.8000000000000016
2025-04-26 14:27:44,141:INFO:Alien spawned at speed 3.8000000000000016
2025-04-26 14:27:45,142:INFO:Alien spawned at speed 3.8000000000000016
2025-04-26 14:27:46,151:INFO:Boss spawned at level 10
2025-04-26 14:27:47,165:INFO:Alien spawned at speed 3.8000000000000016
2025-04-26 14:27:48,178:INFO:Alien spawned at speed 3.8000000000000016
2025-04-26 14:27:48,420:INFO:Alien destroyed
2025-04-26 14:27:48,420:INFO:Alien destroyed
2025-04-26 14:27:48,864:INFO:PowerUp spawned
2025-04-26 14:27:49,186:INFO:Alien spawned at speed 3.8000000000000016
2025-04-26 14:27:50,197:INFO:Alien spawned at speed 3.8000000000000016
2025-04-26 14:27:50,972:INFO:Alien destroyed
2025-04-26 14:27:50,972:INFO:Alien destroyed
2025-04-26 14:27:50,972:INFO:Alien destroyed
2025-04-26 14:27:50,972:INFO:Level up to 11
2025-04-26 14:27:51,103:INFO:Alien spawned at speed 4.000000000000002
2025-04-26 14:27:51,379:INFO:Alien destroyed
2025-04-26 14:27:51,379:INFO:Alien destroyed
2025-04-26 14:27:51,379:INFO:Alien destroyed
2025-04-26 14:27:51,379:INFO:Level up to 12
2025-04-26 14:27:51,907:INFO:Alien spawned at speed 4.200000000000002
2025-04-26 14:27:52,314:INFO:Alien destroyed
2025-04-26 14:27:52,315:INFO:Alien destroyed
2025-04-26 14:27:52,315:INFO:Alien destroyed
2025-04-26 14:27:52,721:INFO:Alien spawned at speed 4.200000000000002
2025-04-26 14:27:53,536:INFO:Alien spawned at speed 4.200000000000002
2025-04-26 14:27:54,313:INFO:Alien destroyed
2025-04-26 14:27:54,314:INFO:Alien destroyed
2025-04-26 14:27:54,314:INFO:Alien destroyed
2025-04-26 14:27:54,314:INFO:Level up to 13
2025-04-26 14:27:54,332:INFO:Alien spawned at speed 4.400000000000002
2025-04-26 14:27:55,035:INFO:Alien spawned at speed 4.400000000000002
2025-04-26 14:27:55,454:INFO:Alien destroyed
2025-04-26 14:27:55,454:INFO:Alien destroyed
2025-04-26 14:27:55,454:INFO:Alien destroyed
2025-04-26 14:27:55,749:INFO:Alien spawned at speed 4.400000000000002
2025-04-26 14:27:56,332:INFO:Alien destroyed
2025-04-26 14:27:56,333:INFO:Level up to 14
2025-04-26 14:27:56,349:INFO:Alien spawned at speed 4.600000000000002
2025-04-26 14:27:56,875:INFO:Alien destroyed
2025-04-26 14:27:56,876:INFO:Alien destroyed
2025-04-26 14:27:56,876:INFO:Alien destroyed
2025-04-26 14:27:56,960:INFO:Alien spawned at speed 4.600000000000002
2025-04-26 14:27:57,381:INFO:Alien destroyed
2025-04-26 14:27:57,381:INFO:Alien destroyed
2025-04-26 14:27:57,381:INFO:Alien destroyed
2025-04-26 14:27:57,381:INFO:Level up to 15
2025-04-26 14:27:57,464:INFO:Boss spawned at level 15
2025-04-26 14:27:57,968:INFO:Alien spawned at speed 4.8000000000000025
2025-04-26 14:27:58,261:INFO:Alien destroyed
2025-04-26 14:27:58,261:INFO:Alien destroyed
2025-04-26 14:27:58,261:INFO:Alien destroyed
2025-04-26 14:27:58,471:INFO:Alien spawned at speed 4.8000000000000025
2025-04-26 14:27:58,867:INFO:PowerUp spawned
2025-04-26 14:27:58,984:INFO:Alien spawned at speed 4.8000000000000025
2025-04-26 14:27:59,486:INFO:Alien spawned at speed 4.8000000000000025
2025-04-26 14:27:59,989:INFO:Alien spawned at speed 4.8000000000000025
2025-04-26 14:28:00,494:INFO:Alien spawned at speed 4.8000000000000025
2025-04-26 14:28:00,995:INFO:Alien spawned at speed 4.8000000000000025
2025-04-26 14:28:01,495:INFO:Alien spawned at speed 4.8000000000000025
2025-04-26 14:28:01,544:INFO:Alien destroyed
2025-04-26 14:28:01,544:INFO:Alien destroyed
2025-04-26 14:28:01,544:INFO:Alien destroyed
2025-04-26 14:28:01,544:INFO:Level up to 16
2025-04-26 14:28:01,998:INFO:Alien spawned at speed 5.000000000000003
2025-04-26 14:28:02,503:INFO:Alien spawned at speed 5.000000000000003
2025-04-26 14:28:03,007:INFO:Alien spawned at speed 5.000000000000003
2025-04-26 14:28:03,515:INFO:Alien spawned at speed 5.000000000000003
2025-04-26 14:28:04,024:INFO:Alien spawned at speed 5.000000000000003
2025-04-26 14:28:04,526:INFO:Alien spawned at speed 5.000000000000003
2025-04-26 14:28:05,028:INFO:Alien spawned at speed 5.000000000000003
2025-04-26 14:28:05,536:INFO:Alien spawned at speed 5.000000000000003
2025-04-26 14:28:06,040:INFO:Alien spawned at speed 5.000000000000003
2025-04-26 14:28:06,544:INFO:Alien spawned at speed 5.000000000000003
2025-04-26 14:28:07,049:INFO:Alien spawned at speed 5.000000000000003
2025-04-26 14:28:07,557:INFO:Alien spawned at speed 5.000000000000003
2025-04-26 14:28:08,062:INFO:Alien spawned at speed 5.000000000000003
2025-04-26 14:28:08,567:INFO:Alien spawned at speed 5.000000000000003
2025-04-26 14:28:08,879:INFO:PowerUp spawned
2025-04-26 14:28:09,077:INFO:Alien spawned at speed 5.000000000000003
2025-04-26 14:28:09,585:INFO:Alien spawned at speed 5.000000000000003
2025-04-26 14:28:10,097:INFO:Alien spawned at speed 5.000000000000003
2025-04-26 14:28:10,599:INFO:Alien spawned at speed 5.000000000000003
2025-04-26 14:28:11,114:INFO:Alien spawned at speed 5.000000000000003
2025-04-26 14:28:11,626:INFO:Alien spawned at speed 5.000000000000003
2025-04-26 14:28:12,128:INFO:Alien spawned at speed 5.000000000000003
2025-04-26 14:28:12,635:INFO:Alien spawned at speed 5.000000000000003
2025-04-26 14:28:13,148:INFO:Alien spawned at speed 5.000000000000003
2025-04-26 14:28:13,654:INFO:Alien spawned at speed 5.000000000000003
2025-04-26 14:28:14,158:INFO:Alien spawned at speed 5.000000000000003
2025-04-26 14:28:14,662:INFO:Alien spawned at speed 5.000000000000003
2025-04-26 14:28:15,170:INFO:Alien spawned at speed 5.000000000000003
2025-04-26 14:28:15,672:INFO:Alien spawned at speed 5.000000000000003
2025-04-26 14:28:16,177:INFO:Alien spawned at speed 5.000000000000003
2025-04-26 14:28:16,678:INFO:Alien spawned at speed 5.000000000000003
2025-04-26 14:28:17,182:INFO:Alien spawned at speed 5.000000000000003
2025-04-26 14:28:17,688:INFO:Alien spawned at speed 5.000000000000003
2025-04-26 14:28:18,191:INFO:Alien spawned at speed 5.000000000000003
2025-04-26 14:28:18,699:INFO:Alien spawned at speed 5.000000000000003
2025-04-26 14:28:18,892:INFO:PowerUp spawned
2025-04-26 14:28:19,203:INFO:Alien spawned at speed 5.000000000000003
2025-04-26 14:28:19,714:INFO:Alien spawned at speed 5.000000000000003
2025-04-26 14:28:20,217:INFO:Alien spawned at speed 5.000000000000003
2025-04-26 14:28:20,722:INFO:Alien spawned at speed 5.000000000000003
2025-04-26 14:28:21,225:INFO:Alien spawned at speed 5.000000000000003
2025-04-26 14:28:21,733:INFO:Alien spawned at speed 5.000000000000003
2025-04-26 14:28:22,245:INFO:Alien spawned at speed 5.000000000000003
2025-04-26 14:28:22,756:INFO:Alien spawned at speed 5.000000000000003
2025-04-26 14:28:23,262:INFO:Alien spawned at speed 5.000000000000003
2025-04-26 14:28:23,775:INFO:Alien spawned at speed 5.000000000000003
2025-04-26 14:28:24,281:INFO:Alien spawned at speed 5.000000000000003
2025-04-26 14:28:24,786:INFO:Alien spawned at speed 5.000000000000003
2025-04-26 14:28:25,290:INFO:Alien spawned at speed 5.000000000000003
2025-04-26 14:28:25,799:INFO:Alien spawned at speed 5.000000000000003
2025-04-26 14:28:26,315:INFO:Alien spawned at speed 5.000000000000003
2025-04-26 14:28:26,820:INFO:Alien spawned at speed 5.000000000000003
2025-04-26 14:28:27,330:INFO:Alien spawned at speed 5.000000000000003
2025-04-26 14:28:27,833:INFO:Alien spawned at speed 5.000000000000003
2025-04-26 14:28:28,337:INFO:Alien spawned at speed 5.000000000000003
2025-04-26 14:28:28,847:INFO:Alien spawned at speed 5.000000000000003
2025-04-26 14:28:28,894:INFO:PowerUp spawned
2025-04-26 14:28:29,357:INFO:Alien spawned at speed 5.000000000000003
2025-04-26 14:28:29,865:INFO:Alien spawned at speed 5.000000000000003
2025-04-26 14:28:30,373:INFO:Alien spawned at speed 5.000000000000003
2025-04-26 14:28:30,883:INFO:Alien spawned at speed 5.000000000000003
2025-04-26 14:28:31,391:INFO:Alien spawned at speed 5.000000000000003
2025-04-26 14:28:31,894:INFO:Alien spawned at speed 5.000000000000003
2025-04-26 14:28:32,405:INFO:Alien spawned at speed 5.000000000000003
2025-04-26 14:28:32,908:INFO:Alien spawned at speed 5.000000000000003
2025-04-26 14:28:33,409:INFO:Alien spawned at speed 5.000000000000003
2025-04-26 14:28:33,917:INFO:Alien spawned at speed 5.000000000000003
2025-04-26 14:28:34,422:INFO:Alien spawned at speed 5.000000000000003
2025-04-26 14:28:34,925:INFO:Alien spawned at speed 5.000000000000003
2025-04-26 14:28:35,427:INFO:Alien spawned at speed 5.000000000000003
2025-04-26 14:28:35,936:INFO:Alien spawned at speed 5.000000000000003
2025-04-26 14:28:36,450:INFO:Alien spawned at speed 5.000000000000003
2025-04-26 14:28:36,951:INFO:Alien spawned at speed 5.000000000000003
2025-04-26 14:28:37,451:INFO:Alien spawned at speed 5.000000000000003
2025-04-26 14:28:37,957:INFO:Alien spawned at speed 5.000000000000003
2025-04-26 14:28:38,472:INFO:Alien spawned at speed 5.000000000000003
2025-04-26 14:28:38,894:INFO:PowerUp spawned
2025-04-26 14:28:38,976:INFO:Alien spawned at speed 5.000000000000003
2025-04-26 14:28:39,480:INFO:Alien spawned at speed 5.000000000000003
2025-04-26 14:28:39,985:INFO:Alien spawned at speed 5.000000000000003
2025-04-26 14:28:40,488:INFO:Alien spawned at speed 5.000000000000003
2025-04-26 14:28:40,995:INFO:Alien spawned at speed 5.000000000000003
2025-04-26 14:28:41,507:INFO:Alien spawned at speed 5.000000000000003
2025-04-26 14:28:42,011:INFO:Alien spawned at speed 5.000000000000003
2025-04-26 14:28:42,514:INFO:Alien spawned at speed 5.000000000000003
2025-04-26 14:28:43,020:INFO:Alien spawned at speed 5.000000000000003
2025-04-26 14:28:43,526:INFO:Alien spawned at speed 5.000000000000003
2025-04-26 14:28:44,042:INFO:Alien spawned at speed 5.000000000000003
2025-04-26 14:28:44,542:INFO:Alien spawned at speed 5.000000000000003
2025-04-26 14:28:45,042:INFO:Alien spawned at speed 5.000000000000003
2025-04-26 14:28:45,552:INFO:Alien spawned at speed 5.000000000000003
2025-04-26 14:28:46,051:INFO:Alien spawned at speed 5.000000000000003
2025-04-26 14:28:46,560:INFO:Alien spawned at speed 5.000000000000003
2025-04-26 14:28:47,068:INFO:Alien spawned at speed 5.000000000000003
2025-04-26 14:28:47,580:INFO:Alien spawned at speed 5.000000000000003
2025-04-26 14:28:48,087:INFO:Alien spawned at speed 5.000000000000003
2025-04-26 14:28:48,602:INFO:Alien spawned at speed 5.000000000000003
2025-04-26 14:28:48,903:INFO:PowerUp spawned
2025-04-26 14:28:49,102:INFO:Alien spawned at speed 5.000000000000003
2025-04-26 14:28:49,606:INFO:Alien spawned at speed 5.000000000000003
2025-04-26 14:28:50,121:INFO:Alien spawned at speed 5.000000000000003
2025-04-26 14:28:50,632:INFO:Alien spawned at speed 5.000000000000003
2025-04-26 14:28:51,143:INFO:Alien spawned at speed 5.000000000000003
2025-04-26 14:28:51,655:INFO:Alien spawned at speed 5.000000000000003
2025-04-26 14:28:52,166:INFO:Alien spawned at speed 5.000000000000003
2025-04-26 14:28:52,674:INFO:Alien spawned at speed 5.000000000000003
2025-04-26 14:28:53,187:INFO:Alien spawned at speed 5.000000000000003
2025-04-26 14:28:53,692:INFO:Alien spawned at speed 5.000000000000003
2025-04-26 14:28:54,198:INFO:Alien spawned at speed 5.000000000000003
2025-04-26 14:28:54,711:INFO:Alien spawned at speed 5.000000000000003
2025-04-26 14:28:55,219:INFO:Alien spawned at speed 5.000000000000003
2025-04-26 14:28:55,728:INFO:Alien spawned at speed 5.000000000000003
2025-04-26 14:28:56,232:INFO:Alien spawned at speed 5.000000000000003
2025-04-26 14:28:56,745:INFO:Alien spawned at speed 5.000000000000003
2025-04-26 14:28:57,258:INFO:Alien spawned at speed 5.000000000000003
2025-04-26 14:28:57,762:INFO:Alien spawned at speed 5.000000000000003
2025-04-26 14:28:58,269:INFO:Alien spawned at speed 5.000000000000003
2025-04-26 14:28:58,775:INFO:Alien spawned at speed 5.000000000000003
2025-04-26 14:28:58,903:INFO:PowerUp spawned
2025-04-26 14:28:59,281:INFO:Alien spawned at speed 5.000000000000003
2025-04-26 14:28:59,781:INFO:Alien spawned at speed 5.000000000000003
2025-04-26 14:29:00,282:INFO:Alien spawned at speed 5.000000000000003
2025-04-26 14:29:00,782:INFO:Alien spawned at speed 5.000000000000003
2025-04-26 14:29:01,292:INFO:Alien spawned at speed 5.000000000000003
2025-04-26 14:29:01,801:INFO:Alien spawned at speed 5.000000000000003
2025-04-26 14:29:02,301:INFO:Alien spawned at speed 5.000000000000003
2025-04-26 14:29:02,815:INFO:Alien spawned at speed 5.000000000000003
2025-04-26 14:29:03,324:INFO:Alien spawned at speed 5.000000000000003
2025-04-26 14:29:03,828:INFO:Alien spawned at speed 5.000000000000003
2025-04-26 14:29:04,339:INFO:Alien spawned at speed 5.000000000000003
2025-04-26 14:29:04,854:INFO:Alien spawned at speed 5.000000000000003
2025-04-26 14:29:05,367:INFO:Alien spawned at speed 5.000000000000003
2025-04-26 14:29:05,876:INFO:Alien spawned at speed 5.000000000000003
2025-04-26 14:29:06,385:INFO:Alien spawned at speed 5.000000000000003
2025-04-26 14:29:06,890:INFO:Alien spawned at speed 5.000000000000003
2025-04-26 14:29:07,392:INFO:Alien spawned at speed 5.000000000000003
2025-04-26 14:29:07,900:INFO:Alien spawned at speed 5.000000000000003
2025-04-26 14:29:08,407:INFO:Alien spawned at speed 5.000000000000003
2025-04-26 14:29:08,915:INFO:Alien spawned at speed 5.000000000000003
2025-04-26 14:29:08,916:INFO:PowerUp spawned
2025-04-26 14:29:09,425:INFO:Alien spawned at speed 5.000000000000003
2025-04-26 14:29:09,925:INFO:Alien spawned at speed 5.000000000000003
2025-04-26 14:29:10,435:INFO:Alien spawned at speed 5.000000000000003
2025-04-26 14:29:10,936:INFO:Alien spawned at speed 5.000000000000003
2025-04-26 14:29:11,441:INFO:Alien spawned at speed 5.000000000000003
2025-04-26 14:29:11,680:INFO:PowerUp applied: extra_bullet
2025-04-26 14:29:11,945:INFO:Alien spawned at speed 5.000000000000003
2025-04-26 14:29:12,445:INFO:Alien spawned at speed 5.000000000000003
2025-04-26 14:29:12,961:INFO:Alien spawned at speed 5.000000000000003
2025-04-26 14:29:13,467:INFO:Alien spawned at speed 5.000000000000003
2025-04-26 14:29:13,694:INFO:Progress saved: high_score=770, max_level=16
